#-----------------------------------------------------------
# Vivado v2018.1 (64-bit)
# SW Build 2188600 on Wed Apr  4 18:40:38 MDT 2018
# IP Build 2185939 on Wed Apr  4 20:55:05 MDT 2018
# Start of session at: Tue May 29 11:15:03 2018
# Process ID: 2916
# Current directory: C:/Projects/New folder/640Mhz/project_3
# Command line: vivado.exe -gui_launcher_event rodinguilauncherevent10480 C:\Projects\New folder\640Mhz\project_3\project_3.xpr
# Log file: C:/Projects/New folder/640Mhz/project_3/vivado.log
# Journal file: C:/Projects/New folder/640Mhz/project_3\vivado.jou
#-----------------------------------------------------------
start_gui
open_project {C:/Projects/New folder/640Mhz/project_3/project_3.xpr}
Scanning sources...
Finished scanning sources
INFO: [IP_Flow 19-234] Refreshing IP repositories
INFO: [IP_Flow 19-1704] No user IP repositories specified
INFO: [IP_Flow 19-2313] Loaded Vivado IP repository 'C:/Xilinx/Vivado/2018.1/data/ip'.
open_project: Time (s): cpu = 00:00:20 ; elapsed = 00:00:16 . Memory (MB): peak = 1019.445 ; gain = 280.203
update_compile_order -fileset sources_1
launch_sdk -workspace {C:/Projects/New folder/640Mhz/project_3/project_3.sdk} -hwspec {C:/Projects/New folder/640Mhz/project_3/project_3.sdk/design_1_wrapper.hdf}
INFO: [Vivado 12-393] Launching SDK...
INFO: [Vivado 12-417] Running xsdk -workspace C:/Projects/New folder/640Mhz/project_3/project_3.sdk -hwspec C:/Projects/New folder/640Mhz/project_3/project_3.sdk/design_1_wrapper.hdf
INFO: [Vivado 12-3157] SDK launch initiated. Please check console for any further messages.
launch_sdk -workspace {C:/Projects/New folder/640Mhz/project_3/project_3.sdk} -hwspec {C:/Projects/New folder/640Mhz/project_3/project_3.sdk/design_1_wrapper.hdf}
INFO: [Vivado 12-393] Launching SDK...
INFO: [Vivado 12-417] Running xsdk -workspace C:/Projects/New folder/640Mhz/project_3/project_3.sdk -hwspec C:/Projects/New folder/640Mhz/project_3/project_3.sdk/design_1_wrapper.hdf
INFO: [Vivado 12-3157] SDK launch initiated. Please check console for any further messages.
exit
INFO: [Common 17-206] Exiting Vivado at Tue May 29 11:21:02 2018...
